[debug] [2023-08-26T11:27:48.431Z] ----------------------------------------------------------------------
[debug] [2023-08-26T11:27:48.435Z] Command:       C:\Program Files\nodejs\node.exe C:\Users\pc_AYA\AppData\Roaming\npm\node_modules\firebase-tools\lib\bin\firebase.js init hosting
[debug] [2023-08-26T11:27:48.436Z] CLI Version:   12.5.2
[debug] [2023-08-26T11:27:48.437Z] Platform:      win32
[debug] [2023-08-26T11:27:48.437Z] Node Version:  v16.16.0
[debug] [2023-08-26T11:27:48.439Z] Time:          Sat Aug 26 2023 12:27:48 GMT+0100 (UTC+01:00)
[debug] [2023-08-26T11:27:48.440Z] ----------------------------------------------------------------------
[debug] 
[debug] [2023-08-26T11:27:48.577Z] > command requires scopes: ["email","openid","https://www.googleapis.com/auth/cloudplatformprojects.readonly","https://www.googleapis.com/auth/firebase","https://www.googleapis.com/auth/cloud-platform"]
[debug] [2023-08-26T11:27:48.577Z] > authorizing via signed-in user (ayaabdelhamid628@gmail.com)
[info] 
     ######## #### ########  ######## ########     ###     ######  ########
     ##        ##  ##     ## ##       ##     ##  ##   ##  ##       ##
     ######    ##  ########  ######   ########  #########  ######  ######
     ##        ##  ##    ##  ##       ##     ## ##     ##       ## ##
     ##       #### ##     ## ######## ########  ##     ##  ######  ########

You're about to initialize a Firebase project in this directory:

  C:\training\portfolio

Before we get started, keep in mind:

  * You are currently outside your home directory
  * You are initializing within an existing Firebase project directory

[info] 
=== Project Setup
[info] 
[info] First, let's associate this project directory with a Firebase project.
[info] You can create multiple project aliases by running firebase use --add, 
[info] but for now we'll just set up a default project.
[info] 
[debug] [2023-08-26T11:28:00.081Z] Using project from CLI flag: portofolio-b7559
[debug] [2023-08-26T11:28:00.088Z] >>> [apiv2][query] GET https://firebase.googleapis.com/v1beta1/projects/portofolio-b7559 [none]
[debug] [2023-08-26T11:28:00.543Z] <<< [apiv2][status] GET https://firebase.googleapis.com/v1beta1/projects/portofolio-b7559 200
[debug] [2023-08-26T11:28:00.543Z] <<< [apiv2][body] GET https://firebase.googleapis.com/v1beta1/projects/portofolio-b7559 {"projectId":"portofolio-b7559","projectNumber":"443188380259","displayName":"portofolio","name":"projects/portofolio-b7559","resources":{"hostingSite":"portofolio-b7559"},"state":"ACTIVE","etag":"1_c1349193-41a6-448d-8709-2e192a88fee5"}
[info] i  Using project portofolio-b7559 (portofolio) 
[info] 
=== Hosting Setup
[info] 
[info] Your public directory is the folder (relative to your project directory) that
[info] will contain Hosting assets to be uploaded with firebase deploy. If you
[info] have a build process for your assets, use your build's output directory.
[info] 
